<?xml version="1.0" encoding="UTF-8"?>
<testsuites>
  <testsuite name="Create_tests_for_product" timestamp="2019-03-29T15:36:17" time="4.081" tests="1" failures="0" errors="0" skipped="0">
    <properties>
      <property name="specId" value="0"/>
      <property name="suiteName" value="Create tests for product"/>
      <property name="capabilities" value="chrome"/>
      <property name="file" value="./test/specs/products.spec.js"/>
    </properties>
    <testcase classname="chrome.Create_tests_for_product" name="should_be_able_to_create_a_product_called_aute" time="4.08"/>
  </testsuite>
  <testsuite name="Read_Update_and_Delete_tests_for_product" timestamp="2019-03-29T15:36:21" time="11.34" tests="3" failures="0" errors="0" skipped="0">
    <properties>
      <property name="specId" value="0"/>
      <property name="suiteName" value="Read Update and Delete tests for product"/>
      <property name="capabilities" value="chrome"/>
      <property name="file" value="./test/specs/products.spec.js"/>
    </properties>
    <testcase classname="chrome.Read_Update_and_Delete_tests_for_product" name="should_be_able_to_view_a_product" time="3.296"/>
    <testcase classname="chrome.Read_Update_and_Delete_tests_for_product" name="should_be_able_to_edit_a_product" time="5.107"/>
    <testcase classname="chrome.Read_Update_and_Delete_tests_for_product" name="should_be_able_to_delete_a_product" time="2.935"/>
  </testsuite>
  <testsuite name="Create_tests_for_product" timestamp="2019-03-29T15:36:32" time="3.007" tests="1" failures="0" errors="0" skipped="0">
    <properties>
      <property name="specId" value="0"/>
      <property name="suiteName" value="Create tests for product"/>
      <property name="capabilities" value="chrome"/>
      <property name="file" value="./test/specs/products.spec.js"/>
    </properties>
    <testcase classname="chrome.Create_tests_for_product" name="should_be_able_to_create_a_product_called_cillum" time="3.006"/>
  </testsuite>
  <testsuite name="Read_Update_and_Delete_tests_for_product" timestamp="2019-03-29T15:36:35" time="10.95" tests="3" failures="0" errors="0" skipped="0">
    <properties>
      <property name="specId" value="0"/>
      <property name="suiteName" value="Read Update and Delete tests for product"/>
      <property name="capabilities" value="chrome"/>
      <property name="file" value="./test/specs/products.spec.js"/>
    </properties>
    <testcase classname="chrome.Read_Update_and_Delete_tests_for_product" name="should_be_able_to_view_a_product" time="3.217"/>
    <testcase classname="chrome.Read_Update_and_Delete_tests_for_product" name="should_be_able_to_edit_a_product" time="4.826"/>
    <testcase classname="chrome.Read_Update_and_Delete_tests_for_product" name="should_be_able_to_delete_a_product" time="2.903"/>
  </testsuite>
</testsuites>